<?xml version="1.0" encoding="UTF-8"?>
<!-- Generated by org.testng.reporters.JUnitReportReporter -->
<testsuite skipped="1" hostname="LAPTOP-5MSMT5PF" name="scripts.AddProductTest" tests="1" failures="0" timestamp="10 Oct 2019 06:22:54 GMT" time="25.162" errors="0">
  <testcase name="addDesktop" time="25.162" classname="scripts.AddProductTest">
    <skipped/>
  </testcase> <!-- addDesktop -->
</testsuite> <!-- scripts.AddProductTest -->
